[zapo.site/app/62823c3/index44cb.html]
[backblue.gif]
[fade.gif]
[index.html]
[use.fontawesome.com/releases/v5.3.1/css/all.css]
[d13pxqgp3ixdbh.cloudfront.net/uploads/15602724516d2a30a15a9ea56f704fd70a1c9275a6.jpg]
[d13pxqgp3ixdbh.cloudfront.net/uploads/1558210007e791999ba35da3bbfdd57fe0e30df5d3.png]
[d13pxqgp3ixdbh.cloudfront.net/uploads/155983874479e1ba1640fd82be69cde95cb401eb6c.png]
[d13pxqgp3ixdbh.cloudfront.net/uploads/1563192530eca0cc0240cc80b6d74474723b61afae.jpg]
[d13pxqgp3ixdbh.cloudfront.net/uploads/15631474212b80cf0758b854681e86b089d3123714.jpg]
[d13nu0oomnx5ti.cloudfront.net/ORMqs9.js]
[www.google-analytics.com/analytics.js]
[zapo.site/app/62823c3/index44cb.html]
[use.fontawesome.com/releases/v5.3.1/css/all.css]
[d13pxqgp3ixdbh.cloudfront.net/uploads/assets/1563196114f4340934d4a9e2b7bb156cfb5af0658c.css]
[d13pxqgp3ixdbh.cloudfront.net/uploads/assets/15631942990ea9e2c0064511a3b530b332ff6727fc.css]
[d13pxqgp3ixdbh.cloudfront.net/uploads/assets/1563194301bab9fab1b932c93708d49a5a49635e84.css]
[bucket.cpabuild.com/uploads/1563147420e4f6763c7c258daf4f613ec7b0f85a86.png]
[bucket.cpabuild.com/uploads/1563147421a266c90b228857071200e8df583882fa.png]
[d13pxqgp3ixdbh.cloudfront.net/uploads/assets/1563194593a364d7c704b469e15577711fde05c66a.css]
[d13pxqgp3ixdbh.cloudfront.net/uploads/assets/1563194463bc66e25d79d63b124e302cf030d5249a.js]
[zapo.site/app/62823c3/popper.html]
[d13pxqgp3ixdbh.cloudfront.net/uploads/assets/1563194332a1feff07bb466fd26feaa3594da71117.js]
[d13pxqgp3ixdbh.cloudfront.net/uploads/assets/15631943349d83cf34d15b5929728eb18de71c637a.js]
[d13pxqgp3ixdbh.cloudfront.net/uploads/assets/15631943347b770019a79c671770e970c52fd26ba9.js]
[bucket.cpabuild.com/uploads/156319193987a5ab0274e068b8fe5cf33a38580b38.jpg]
[bucket.cpabuild.com/uploads/1563191941c50374018359e5552ac24564a9551d97.jpg]
[bucket.cpabuild.com/uploads/156319194028250b05c01ae3f9a143393e7177b326.jpg]
[bucket.cpabuild.com/uploads/156319194221f8ead999745de818556ac62d0e5137.jpg]
[bucket.cpabuild.com/uploads/156319194180463da7cdc009c6ee4912b6def97eea.jpg]
[bucket.cpabuild.com/uploads/156319194358da95c20eec0ff4405bf104feaa8ec6.jpg]
[bucket.cpabuild.com/uploads/15631919420ee232b35e744dd594ded4b5e70a0f43.jpg]
[bucket.cpabuild.com/uploads/1563191943e112cd42b8d0cc2744b03fcb4a1524a5.jpg]
[bucket.cpabuild.com/uploads/156319194492af3234b3d4633e5251a641b8969ccb.jpg]
[d13pxqgp3ixdbh.cloudfront.net/uploads/assets/15631943339d020e3f002200ffc76bc5ae7b11fb6e.js]
[zapo.site/app/62823c3/popper.html]
